mode: atomic
github.com/YaleOpenLab/smartPropertyMVP/stellar/aes/aes.go:17.53,21.16 4 1
github.com/YaleOpenLab/smartPropertyMVP/stellar/aes/aes.go:25.2,26.58 2 1
github.com/YaleOpenLab/smartPropertyMVP/stellar/aes/aes.go:30.2,31.19 2 1
github.com/YaleOpenLab/smartPropertyMVP/stellar/aes/aes.go:21.16,24.3 2 0
github.com/YaleOpenLab/smartPropertyMVP/stellar/aes/aes.go:26.58,29.3 2 0
github.com/YaleOpenLab/smartPropertyMVP/stellar/aes/aes.go:35.53,38.16 3 1
github.com/YaleOpenLab/smartPropertyMVP/stellar/aes/aes.go:42.2,43.16 2 1
github.com/YaleOpenLab/smartPropertyMVP/stellar/aes/aes.go:47.2,50.16 4 1
github.com/YaleOpenLab/smartPropertyMVP/stellar/aes/aes.go:54.2,54.18 1 1
github.com/YaleOpenLab/smartPropertyMVP/stellar/aes/aes.go:38.16,41.3 2 0
github.com/YaleOpenLab/smartPropertyMVP/stellar/aes/aes.go:43.16,46.3 2 0
github.com/YaleOpenLab/smartPropertyMVP/stellar/aes/aes.go:50.16,53.3 2 0
github.com/YaleOpenLab/smartPropertyMVP/stellar/aes/aes.go:58.67,62.2 3 0
github.com/YaleOpenLab/smartPropertyMVP/stellar/aes/aes.go:65.61,68.2 2 0
github.com/YaleOpenLab/smartPropertyMVP/stellar/database/originators.go:7.119,9.16 2 0
github.com/YaleOpenLab/smartPropertyMVP/stellar/database/originators.go:14.2,15.16 2 0
github.com/YaleOpenLab/smartPropertyMVP/stellar/database/originators.go:19.2,19.27 1 0
github.com/YaleOpenLab/smartPropertyMVP/stellar/database/originators.go:9.16,11.3 1 0
github.com/YaleOpenLab/smartPropertyMVP/stellar/database/originators.go:15.16,17.3 1 0
github.com/YaleOpenLab/smartPropertyMVP/stellar/database/originators.go:22.161,29.16 4 0
github.com/YaleOpenLab/smartPropertyMVP/stellar/database/originators.go:33.2,33.25 1 0
github.com/YaleOpenLab/smartPropertyMVP/stellar/database/originators.go:39.2,47.16 9 0
github.com/YaleOpenLab/smartPropertyMVP/stellar/database/originators.go:50.2,55.16 5 0
github.com/YaleOpenLab/smartPropertyMVP/stellar/database/originators.go:64.2,65.16 2 0
github.com/YaleOpenLab/smartPropertyMVP/stellar/database/originators.go:69.2,69.16 1 0
github.com/YaleOpenLab/smartPropertyMVP/stellar/database/originators.go:29.16,31.3 1 0
github.com/YaleOpenLab/smartPropertyMVP/stellar/database/originators.go:33.25,35.3 1 0
github.com/YaleOpenLab/smartPropertyMVP/stellar/database/originators.go:35.8,37.3 1 0
github.com/YaleOpenLab/smartPropertyMVP/stellar/database/originators.go:47.16,49.3 1 0
github.com/YaleOpenLab/smartPropertyMVP/stellar/database/originators.go:55.16,57.3 1 0
github.com/YaleOpenLab/smartPropertyMVP/stellar/database/originators.go:65.16,67.3 1 0
github.com/YaleOpenLab/smartPropertyMVP/stellar/database/recipient.go:26.77,30.16 4 0
github.com/YaleOpenLab/smartPropertyMVP/stellar/database/recipient.go:33.2,33.15 1 0
github.com/YaleOpenLab/smartPropertyMVP/stellar/database/recipient.go:30.16,32.3 1 0
github.com/YaleOpenLab/smartPropertyMVP/stellar/database/recipient.go:38.41,40.16 2 0
github.com/YaleOpenLab/smartPropertyMVP/stellar/database/recipient.go:43.2,44.42 2 0
github.com/YaleOpenLab/smartPropertyMVP/stellar/database/recipient.go:53.2,53.12 1 0
github.com/YaleOpenLab/smartPropertyMVP/stellar/database/recipient.go:40.16,42.3 1 0
github.com/YaleOpenLab/smartPropertyMVP/stellar/database/recipient.go:44.42,47.17 3 0
github.com/YaleOpenLab/smartPropertyMVP/stellar/database/recipient.go:51.3,51.55 1 0
github.com/YaleOpenLab/smartPropertyMVP/stellar/database/recipient.go:47.17,50.4 2 0
github.com/YaleOpenLab/smartPropertyMVP/stellar/database/recipient.go:57.51,60.16 3 0
github.com/YaleOpenLab/smartPropertyMVP/stellar/database/recipient.go:63.2,65.16 3 0
github.com/YaleOpenLab/smartPropertyMVP/stellar/database/recipient.go:68.2,70.42 2 0
github.com/YaleOpenLab/smartPropertyMVP/stellar/database/recipient.go:93.2,93.17 1 0
github.com/YaleOpenLab/smartPropertyMVP/stellar/database/recipient.go:60.16,62.3 1 0
github.com/YaleOpenLab/smartPropertyMVP/stellar/database/recipient.go:65.16,67.3 1 0
github.com/YaleOpenLab/smartPropertyMVP/stellar/database/recipient.go:70.42,75.24 3 0
github.com/YaleOpenLab/smartPropertyMVP/stellar/database/recipient.go:91.3,91.13 1 0
github.com/YaleOpenLab/smartPropertyMVP/stellar/database/recipient.go:75.24,78.16 3 0
github.com/YaleOpenLab/smartPropertyMVP/stellar/database/recipient.go:82.4,84.18 2 0
github.com/YaleOpenLab/smartPropertyMVP/stellar/database/recipient.go:89.4,89.33 1 0
github.com/YaleOpenLab/smartPropertyMVP/stellar/database/recipient.go:78.16,80.13 1 0
github.com/YaleOpenLab/smartPropertyMVP/stellar/database/recipient.go:84.18,88.5 1 0
github.com/YaleOpenLab/smartPropertyMVP/stellar/database/recipient.go:96.52,99.16 3 0
github.com/YaleOpenLab/smartPropertyMVP/stellar/database/recipient.go:102.2,103.42 2 0
github.com/YaleOpenLab/smartPropertyMVP/stellar/database/recipient.go:111.2,111.17 1 0
github.com/YaleOpenLab/smartPropertyMVP/stellar/database/recipient.go:99.16,101.3 1 0
github.com/YaleOpenLab/smartPropertyMVP/stellar/database/recipient.go:103.42,106.15 3 0
github.com/YaleOpenLab/smartPropertyMVP/stellar/database/recipient.go:109.3,109.33 1 0
github.com/YaleOpenLab/smartPropertyMVP/stellar/database/recipient.go:106.15,108.4 1 0
github.com/YaleOpenLab/smartPropertyMVP/stellar/database/recipient.go:114.71,117.16 3 0
github.com/YaleOpenLab/smartPropertyMVP/stellar/database/recipient.go:120.2,120.38 1 0
github.com/YaleOpenLab/smartPropertyMVP/stellar/database/recipient.go:117.16,119.3 1 0
github.com/YaleOpenLab/smartPropertyMVP/stellar/database/recipient.go:124.60,129.16 2 0
github.com/YaleOpenLab/smartPropertyMVP/stellar/database/recipient.go:132.2,133.42 2 0
github.com/YaleOpenLab/smartPropertyMVP/stellar/database/recipient.go:142.2,142.12 1 0
github.com/YaleOpenLab/smartPropertyMVP/stellar/database/recipient.go:129.16,131.3 1 0
github.com/YaleOpenLab/smartPropertyMVP/stellar/database/recipient.go:133.42,136.17 3 0
github.com/YaleOpenLab/smartPropertyMVP/stellar/database/recipient.go:139.3,140.13 2 0
github.com/YaleOpenLab/smartPropertyMVP/stellar/database/recipient.go:136.17,138.4 1 0
github.com/YaleOpenLab/smartPropertyMVP/stellar/database/recipient.go:146.116,160.16 2 0
github.com/YaleOpenLab/smartPropertyMVP/stellar/database/recipient.go:164.2,165.16 2 0
github.com/YaleOpenLab/smartPropertyMVP/stellar/database/recipient.go:169.2,170.16 2 0
github.com/YaleOpenLab/smartPropertyMVP/stellar/database/recipient.go:174.2,175.16 2 0
github.com/YaleOpenLab/smartPropertyMVP/stellar/database/recipient.go:179.2,179.32 1 0
github.com/YaleOpenLab/smartPropertyMVP/stellar/database/recipient.go:160.16,162.3 1 0
github.com/YaleOpenLab/smartPropertyMVP/stellar/database/recipient.go:165.16,167.3 1 0
github.com/YaleOpenLab/smartPropertyMVP/stellar/database/recipient.go:170.16,172.3 1 0
github.com/YaleOpenLab/smartPropertyMVP/stellar/database/recipient.go:175.16,177.3 1 0
github.com/YaleOpenLab/smartPropertyMVP/stellar/database/recipient.go:205.103,209.16 2 0
github.com/YaleOpenLab/smartPropertyMVP/stellar/database/recipient.go:214.2,215.16 2 0
github.com/YaleOpenLab/smartPropertyMVP/stellar/database/recipient.go:220.2,220.52 1 0
github.com/YaleOpenLab/smartPropertyMVP/stellar/database/recipient.go:227.2,228.16 2 0
github.com/YaleOpenLab/smartPropertyMVP/stellar/database/recipient.go:233.2,241.16 3 0
github.com/YaleOpenLab/smartPropertyMVP/stellar/database/recipient.go:246.2,249.16 4 0
github.com/YaleOpenLab/smartPropertyMVP/stellar/database/recipient.go:253.2,264.29 6 0
github.com/YaleOpenLab/smartPropertyMVP/stellar/database/recipient.go:273.2,275.25 3 0
github.com/YaleOpenLab/smartPropertyMVP/stellar/database/recipient.go:288.2,289.16 2 0
github.com/YaleOpenLab/smartPropertyMVP/stellar/database/recipient.go:292.2,293.16 2 0
github.com/YaleOpenLab/smartPropertyMVP/stellar/database/recipient.go:296.2,297.12 2 0
github.com/YaleOpenLab/smartPropertyMVP/stellar/database/recipient.go:209.16,212.3 2 0
github.com/YaleOpenLab/smartPropertyMVP/stellar/database/recipient.go:215.16,218.3 2 0
github.com/YaleOpenLab/smartPropertyMVP/stellar/database/recipient.go:220.52,225.3 2 0
github.com/YaleOpenLab/smartPropertyMVP/stellar/database/recipient.go:228.16,231.3 2 0
github.com/YaleOpenLab/smartPropertyMVP/stellar/database/recipient.go:241.16,244.3 2 0
github.com/YaleOpenLab/smartPropertyMVP/stellar/database/recipient.go:249.16,251.3 1 0
github.com/YaleOpenLab/smartPropertyMVP/stellar/database/recipient.go:264.29,266.3 1 0
github.com/YaleOpenLab/smartPropertyMVP/stellar/database/recipient.go:266.8,266.36 1 0
github.com/YaleOpenLab/smartPropertyMVP/stellar/database/recipient.go:266.36,268.3 1 0
github.com/YaleOpenLab/smartPropertyMVP/stellar/database/recipient.go:268.8,270.3 1 0
github.com/YaleOpenLab/smartPropertyMVP/stellar/database/recipient.go:275.25,285.3 2 0
github.com/YaleOpenLab/smartPropertyMVP/stellar/database/recipient.go:289.16,291.3 1 0
github.com/YaleOpenLab/smartPropertyMVP/stellar/database/recipient.go:293.16,295.3 1 0
github.com/YaleOpenLab/smartPropertyMVP/stellar/database/recipient.go:300.57,302.39 2 0
github.com/YaleOpenLab/smartPropertyMVP/stellar/database/recipient.go:310.2,310.15 1 0
github.com/YaleOpenLab/smartPropertyMVP/stellar/database/recipient.go:316.2,316.32 1 0
github.com/YaleOpenLab/smartPropertyMVP/stellar/database/recipient.go:302.39,303.45 1 0
github.com/YaleOpenLab/smartPropertyMVP/stellar/database/recipient.go:303.45,307.9 3 0
github.com/YaleOpenLab/smartPropertyMVP/stellar/database/recipient.go:310.15,315.3 3 0
github.com/YaleOpenLab/smartPropertyMVP/stellar/database/users.go:50.67,56.16 3 2
github.com/YaleOpenLab/smartPropertyMVP/stellar/database/users.go:61.2,61.24 1 2
github.com/YaleOpenLab/smartPropertyMVP/stellar/database/users.go:67.2,69.16 3 2
github.com/YaleOpenLab/smartPropertyMVP/stellar/database/users.go:72.2,77.15 5 2
github.com/YaleOpenLab/smartPropertyMVP/stellar/database/users.go:56.16,58.3 1 0
github.com/YaleOpenLab/smartPropertyMVP/stellar/database/users.go:61.24,63.3 1 1
github.com/YaleOpenLab/smartPropertyMVP/stellar/database/users.go:63.8,65.3 1 1
github.com/YaleOpenLab/smartPropertyMVP/stellar/database/users.go:69.16,71.3 1 0
github.com/YaleOpenLab/smartPropertyMVP/stellar/database/users.go:81.31,83.16 2 2
github.com/YaleOpenLab/smartPropertyMVP/stellar/database/users.go:86.2,87.42 2 2
github.com/YaleOpenLab/smartPropertyMVP/stellar/database/users.go:96.2,96.12 1 2
github.com/YaleOpenLab/smartPropertyMVP/stellar/database/users.go:83.16,85.3 1 0
github.com/YaleOpenLab/smartPropertyMVP/stellar/database/users.go:87.42,90.17 3 2
github.com/YaleOpenLab/smartPropertyMVP/stellar/database/users.go:94.3,94.53 1 2
github.com/YaleOpenLab/smartPropertyMVP/stellar/database/users.go:90.17,93.4 2 0
github.com/YaleOpenLab/smartPropertyMVP/stellar/database/users.go:100.41,103.16 3 3
github.com/YaleOpenLab/smartPropertyMVP/stellar/database/users.go:106.2,108.42 2 3
github.com/YaleOpenLab/smartPropertyMVP/stellar/database/users.go:124.2,124.17 1 3
github.com/YaleOpenLab/smartPropertyMVP/stellar/database/users.go:103.16,105.3 1 0
github.com/YaleOpenLab/smartPropertyMVP/stellar/database/users.go:108.42,110.21 2 3
github.com/YaleOpenLab/smartPropertyMVP/stellar/database/users.go:122.3,122.13 1 0
github.com/YaleOpenLab/smartPropertyMVP/stellar/database/users.go:110.21,113.16 3 5
github.com/YaleOpenLab/smartPropertyMVP/stellar/database/users.go:116.4,117.18 2 2
github.com/YaleOpenLab/smartPropertyMVP/stellar/database/users.go:120.4,120.28 1 2
github.com/YaleOpenLab/smartPropertyMVP/stellar/database/users.go:113.16,115.5 1 3
github.com/YaleOpenLab/smartPropertyMVP/stellar/database/users.go:117.18,119.5 1 0
github.com/YaleOpenLab/smartPropertyMVP/stellar/database/users.go:128.42,131.16 3 0
github.com/YaleOpenLab/smartPropertyMVP/stellar/database/users.go:134.2,135.42 2 0
github.com/YaleOpenLab/smartPropertyMVP/stellar/database/users.go:143.2,143.17 1 0
github.com/YaleOpenLab/smartPropertyMVP/stellar/database/users.go:131.16,133.3 1 0
github.com/YaleOpenLab/smartPropertyMVP/stellar/database/users.go:135.42,138.15 3 0
github.com/YaleOpenLab/smartPropertyMVP/stellar/database/users.go:141.3,141.33 1 0
github.com/YaleOpenLab/smartPropertyMVP/stellar/database/users.go:138.15,140.4 1 0
github.com/YaleOpenLab/smartPropertyMVP/stellar/database/users.go:146.61,149.16 3 1
github.com/YaleOpenLab/smartPropertyMVP/stellar/database/users.go:152.2,153.42 2 1
github.com/YaleOpenLab/smartPropertyMVP/stellar/database/users.go:173.2,173.17 1 1
github.com/YaleOpenLab/smartPropertyMVP/stellar/database/users.go:149.16,151.3 1 0
github.com/YaleOpenLab/smartPropertyMVP/stellar/database/users.go:153.42,155.21 2 1
github.com/YaleOpenLab/smartPropertyMVP/stellar/database/users.go:171.3,171.33 1 0
github.com/YaleOpenLab/smartPropertyMVP/stellar/database/users.go:155.21,158.16 3 3
github.com/YaleOpenLab/smartPropertyMVP/stellar/database/users.go:161.4,162.18 2 2
github.com/YaleOpenLab/smartPropertyMVP/stellar/database/users.go:166.4,166.68 1 2
github.com/YaleOpenLab/smartPropertyMVP/stellar/database/users.go:158.16,160.5 1 1
github.com/YaleOpenLab/smartPropertyMVP/stellar/database/users.go:162.18,164.5 1 0
github.com/YaleOpenLab/smartPropertyMVP/stellar/database/users.go:166.68,169.5 2 0
github.com/YaleOpenLab/smartPropertyMVP/stellar/database/users.go:176.32,181.16 5 0
github.com/YaleOpenLab/smartPropertyMVP/stellar/database/users.go:184.2,186.12 2 0
github.com/YaleOpenLab/smartPropertyMVP/stellar/database/users.go:181.16,183.3 1 0
github.com/YaleOpenLab/smartPropertyMVP/stellar/database/contractors.go:11.119,13.16 2 0
github.com/YaleOpenLab/smartPropertyMVP/stellar/database/contractors.go:18.2,19.16 2 0
github.com/YaleOpenLab/smartPropertyMVP/stellar/database/contractors.go:23.2,23.27 1 0
github.com/YaleOpenLab/smartPropertyMVP/stellar/database/contractors.go:13.16,15.3 1 0
github.com/YaleOpenLab/smartPropertyMVP/stellar/database/contractors.go:19.16,21.3 1 0
github.com/YaleOpenLab/smartPropertyMVP/stellar/database/contractors.go:26.178,38.16 11 0
github.com/YaleOpenLab/smartPropertyMVP/stellar/database/contractors.go:41.2,46.16 5 0
github.com/YaleOpenLab/smartPropertyMVP/stellar/database/contractors.go:51.2,51.16 1 0
github.com/YaleOpenLab/smartPropertyMVP/stellar/database/contractors.go:38.16,40.3 1 0
github.com/YaleOpenLab/smartPropertyMVP/stellar/database/contractors.go:46.16,48.3 1 0
github.com/YaleOpenLab/smartPropertyMVP/stellar/database/contractors.go:56.86,62.16 4 0
github.com/YaleOpenLab/smartPropertyMVP/stellar/database/contractors.go:65.2,67.16 3 0
github.com/YaleOpenLab/smartPropertyMVP/stellar/database/contractors.go:70.2,72.42 2 0
github.com/YaleOpenLab/smartPropertyMVP/stellar/database/contractors.go:102.2,102.42 1 0
github.com/YaleOpenLab/smartPropertyMVP/stellar/database/contractors.go:62.16,64.3 1 0
github.com/YaleOpenLab/smartPropertyMVP/stellar/database/contractors.go:67.16,69.3 1 0
github.com/YaleOpenLab/smartPropertyMVP/stellar/database/contractors.go:72.42,74.30 2 0
github.com/YaleOpenLab/smartPropertyMVP/stellar/database/contractors.go:100.3,100.13 1 0
github.com/YaleOpenLab/smartPropertyMVP/stellar/database/contractors.go:74.30,77.16 3 0
github.com/YaleOpenLab/smartPropertyMVP/stellar/database/contractors.go:81.4,82.18 2 0
github.com/YaleOpenLab/smartPropertyMVP/stellar/database/contractors.go:85.4,85.31 1 0
github.com/YaleOpenLab/smartPropertyMVP/stellar/database/contractors.go:89.4,90.18 2 0
github.com/YaleOpenLab/smartPropertyMVP/stellar/database/contractors.go:96.4,97.50 2 0
github.com/YaleOpenLab/smartPropertyMVP/stellar/database/contractors.go:77.16,79.13 1 0
github.com/YaleOpenLab/smartPropertyMVP/stellar/database/contractors.go:82.18,84.5 1 0
github.com/YaleOpenLab/smartPropertyMVP/stellar/database/contractors.go:85.31,86.13 1 0
github.com/YaleOpenLab/smartPropertyMVP/stellar/database/contractors.go:90.18,92.13 1 0
github.com/YaleOpenLab/smartPropertyMVP/stellar/database/contractors.go:105.59,107.27 2 0
github.com/YaleOpenLab/smartPropertyMVP/stellar/database/contractors.go:112.2,112.39 1 0
github.com/YaleOpenLab/smartPropertyMVP/stellar/database/contractors.go:107.27,108.26 1 0
github.com/YaleOpenLab/smartPropertyMVP/stellar/database/contractors.go:108.26,110.4 1 0
github.com/YaleOpenLab/smartPropertyMVP/stellar/database/contractentities.go:68.142,74.16 4 0
github.com/YaleOpenLab/smartPropertyMVP/stellar/database/contractentities.go:78.2,81.14 3 0
github.com/YaleOpenLab/smartPropertyMVP/stellar/database/contractentities.go:93.2,93.15 1 0
github.com/YaleOpenLab/smartPropertyMVP/stellar/database/contractentities.go:74.16,76.3 1 0
github.com/YaleOpenLab/smartPropertyMVP/stellar/database/contractentities.go:82.20,83.22 1 0
github.com/YaleOpenLab/smartPropertyMVP/stellar/database/contractentities.go:84.19,85.21 1 0
github.com/YaleOpenLab/smartPropertyMVP/stellar/database/contractentities.go:86.20,87.22 1 0
github.com/YaleOpenLab/smartPropertyMVP/stellar/database/contractentities.go:88.19,89.21 1 0
github.com/YaleOpenLab/smartPropertyMVP/stellar/database/contractentities.go:90.10,90.10 0 0
github.com/YaleOpenLab/smartPropertyMVP/stellar/database/contractentities.go:96.51,98.16 2 0
github.com/YaleOpenLab/smartPropertyMVP/stellar/database/contractentities.go:101.2,102.42 2 0
github.com/YaleOpenLab/smartPropertyMVP/stellar/database/contractentities.go:111.2,111.12 1 0
github.com/YaleOpenLab/smartPropertyMVP/stellar/database/contractentities.go:98.16,100.3 1 0
github.com/YaleOpenLab/smartPropertyMVP/stellar/database/contractentities.go:102.42,105.17 3 0
github.com/YaleOpenLab/smartPropertyMVP/stellar/database/contractentities.go:109.3,109.55 1 0
github.com/YaleOpenLab/smartPropertyMVP/stellar/database/contractentities.go:105.17,108.4 2 0
github.com/YaleOpenLab/smartPropertyMVP/stellar/database/contractentities.go:114.136,116.14 2 0
github.com/YaleOpenLab/smartPropertyMVP/stellar/database/contractentities.go:126.2,126.65 1 0
github.com/YaleOpenLab/smartPropertyMVP/stellar/database/contractentities.go:117.20,118.87 1 0
github.com/YaleOpenLab/smartPropertyMVP/stellar/database/contractentities.go:119.19,120.86 1 0
github.com/YaleOpenLab/smartPropertyMVP/stellar/database/contractentities.go:121.20,122.87 1 0
github.com/YaleOpenLab/smartPropertyMVP/stellar/database/contractentities.go:123.19,124.86 1 0
github.com/YaleOpenLab/smartPropertyMVP/stellar/database/contractentities.go:130.73,133.16 3 0
github.com/YaleOpenLab/smartPropertyMVP/stellar/database/contractentities.go:136.2,138.16 3 0
github.com/YaleOpenLab/smartPropertyMVP/stellar/database/contractentities.go:141.2,143.42 2 0
github.com/YaleOpenLab/smartPropertyMVP/stellar/database/contractentities.go:179.2,179.17 1 0
github.com/YaleOpenLab/smartPropertyMVP/stellar/database/contractentities.go:133.16,135.3 1 0
github.com/YaleOpenLab/smartPropertyMVP/stellar/database/contractentities.go:138.16,140.3 1 0
github.com/YaleOpenLab/smartPropertyMVP/stellar/database/contractentities.go:143.42,145.30 2 0
github.com/YaleOpenLab/smartPropertyMVP/stellar/database/contractentities.go:177.3,177.13 1 0
github.com/YaleOpenLab/smartPropertyMVP/stellar/database/contractentities.go:145.30,148.16 3 0
github.com/YaleOpenLab/smartPropertyMVP/stellar/database/contractentities.go:152.4,153.18 2 0
github.com/YaleOpenLab/smartPropertyMVP/stellar/database/contractentities.go:156.4,156.16 1 0
github.com/YaleOpenLab/smartPropertyMVP/stellar/database/contractentities.go:175.4,175.34 1 0
github.com/YaleOpenLab/smartPropertyMVP/stellar/database/contractentities.go:148.16,150.13 1 0
github.com/YaleOpenLab/smartPropertyMVP/stellar/database/contractentities.go:153.18,155.5 1 0
github.com/YaleOpenLab/smartPropertyMVP/stellar/database/contractentities.go:157.22,158.32 1 0
github.com/YaleOpenLab/smartPropertyMVP/stellar/database/contractentities.go:161.21,162.31 1 0
github.com/YaleOpenLab/smartPropertyMVP/stellar/database/contractentities.go:165.22,166.32 1 0
github.com/YaleOpenLab/smartPropertyMVP/stellar/database/contractentities.go:169.21,170.31 1 0
github.com/YaleOpenLab/smartPropertyMVP/stellar/database/contractentities.go:158.32,159.14 1 0
github.com/YaleOpenLab/smartPropertyMVP/stellar/database/contractentities.go:162.31,163.14 1 0
github.com/YaleOpenLab/smartPropertyMVP/stellar/database/contractentities.go:166.32,167.14 1 0
github.com/YaleOpenLab/smartPropertyMVP/stellar/database/contractentities.go:170.31,171.14 1 0
github.com/YaleOpenLab/smartPropertyMVP/stellar/database/contractentities.go:182.62,185.16 3 0
github.com/YaleOpenLab/smartPropertyMVP/stellar/database/contractentities.go:188.2,189.42 2 0
github.com/YaleOpenLab/smartPropertyMVP/stellar/database/contractentities.go:197.2,197.15 1 0
github.com/YaleOpenLab/smartPropertyMVP/stellar/database/contractentities.go:185.16,187.3 1 0
github.com/YaleOpenLab/smartPropertyMVP/stellar/database/contractentities.go:189.42,192.15 3 0
github.com/YaleOpenLab/smartPropertyMVP/stellar/database/contractentities.go:195.3,195.31 1 0
github.com/YaleOpenLab/smartPropertyMVP/stellar/database/contractentities.go:192.15,194.4 1 0
github.com/YaleOpenLab/smartPropertyMVP/stellar/database/contractentities.go:203.82,206.16 3 0
github.com/YaleOpenLab/smartPropertyMVP/stellar/database/contractentities.go:209.2,210.42 2 0
github.com/YaleOpenLab/smartPropertyMVP/stellar/database/contractentities.go:230.2,230.15 1 0
github.com/YaleOpenLab/smartPropertyMVP/stellar/database/contractentities.go:206.16,208.3 1 0
github.com/YaleOpenLab/smartPropertyMVP/stellar/database/contractentities.go:210.42,213.21 2 0
github.com/YaleOpenLab/smartPropertyMVP/stellar/database/contractentities.go:228.3,228.33 1 0
github.com/YaleOpenLab/smartPropertyMVP/stellar/database/contractentities.go:213.21,216.16 3 0
github.com/YaleOpenLab/smartPropertyMVP/stellar/database/contractentities.go:219.4,220.18 2 0
github.com/YaleOpenLab/smartPropertyMVP/stellar/database/contractentities.go:224.4,224.84 1 0
github.com/YaleOpenLab/smartPropertyMVP/stellar/database/contractentities.go:216.16,218.5 1 0
github.com/YaleOpenLab/smartPropertyMVP/stellar/database/contractentities.go:220.18,222.5 1 0
github.com/YaleOpenLab/smartPropertyMVP/stellar/database/contractentities.go:224.84,226.5 1 0
github.com/YaleOpenLab/smartPropertyMVP/stellar/database/database.go:18.33,20.16 2 16
github.com/YaleOpenLab/smartPropertyMVP/stellar/database/database.go:24.2,24.42 1 16
github.com/YaleOpenLab/smartPropertyMVP/stellar/database/database.go:51.2,51.16 1 16
github.com/YaleOpenLab/smartPropertyMVP/stellar/database/database.go:20.16,23.3 2 0
github.com/YaleOpenLab/smartPropertyMVP/stellar/database/database.go:24.42,26.17 2 16
github.com/YaleOpenLab/smartPropertyMVP/stellar/database/database.go:29.3,30.17 2 16
github.com/YaleOpenLab/smartPropertyMVP/stellar/database/database.go:33.3,34.17 2 16
github.com/YaleOpenLab/smartPropertyMVP/stellar/database/database.go:37.3,38.17 2 16
github.com/YaleOpenLab/smartPropertyMVP/stellar/database/database.go:41.3,42.17 2 16
github.com/YaleOpenLab/smartPropertyMVP/stellar/database/database.go:45.3,46.17 2 16
github.com/YaleOpenLab/smartPropertyMVP/stellar/database/database.go:49.3,49.13 1 16
github.com/YaleOpenLab/smartPropertyMVP/stellar/database/database.go:26.17,28.4 1 0
github.com/YaleOpenLab/smartPropertyMVP/stellar/database/database.go:30.17,32.4 1 0
github.com/YaleOpenLab/smartPropertyMVP/stellar/database/database.go:34.17,36.4 1 0
github.com/YaleOpenLab/smartPropertyMVP/stellar/database/database.go:38.17,40.4 1 0
github.com/YaleOpenLab/smartPropertyMVP/stellar/database/database.go:42.17,44.4 1 0
github.com/YaleOpenLab/smartPropertyMVP/stellar/database/database.go:46.17,48.4 1 0
github.com/YaleOpenLab/smartPropertyMVP/stellar/database/investors.go:42.75,48.16 4 2
github.com/YaleOpenLab/smartPropertyMVP/stellar/database/investors.go:52.2,53.15 2 2
github.com/YaleOpenLab/smartPropertyMVP/stellar/database/investors.go:48.16,50.3 1 0
github.com/YaleOpenLab/smartPropertyMVP/stellar/database/investors.go:57.39,59.16 2 2
github.com/YaleOpenLab/smartPropertyMVP/stellar/database/investors.go:62.2,63.42 2 2
github.com/YaleOpenLab/smartPropertyMVP/stellar/database/investors.go:80.2,80.12 1 2
github.com/YaleOpenLab/smartPropertyMVP/stellar/database/investors.go:59.16,61.3 1 0
github.com/YaleOpenLab/smartPropertyMVP/stellar/database/investors.go:63.42,66.17 3 2
github.com/YaleOpenLab/smartPropertyMVP/stellar/database/investors.go:70.3,70.55 1 2
github.com/YaleOpenLab/smartPropertyMVP/stellar/database/investors.go:66.17,69.4 2 0
github.com/YaleOpenLab/smartPropertyMVP/stellar/database/investors.go:84.49,89.16 3 1
github.com/YaleOpenLab/smartPropertyMVP/stellar/database/investors.go:92.2,94.16 3 1
github.com/YaleOpenLab/smartPropertyMVP/stellar/database/investors.go:97.2,99.42 2 1
github.com/YaleOpenLab/smartPropertyMVP/stellar/database/investors.go:119.2,119.17 1 1
github.com/YaleOpenLab/smartPropertyMVP/stellar/database/investors.go:89.16,91.3 1 0
github.com/YaleOpenLab/smartPropertyMVP/stellar/database/investors.go:94.16,96.3 1 0
github.com/YaleOpenLab/smartPropertyMVP/stellar/database/investors.go:99.42,101.30 2 1
github.com/YaleOpenLab/smartPropertyMVP/stellar/database/investors.go:117.3,117.13 1 1
github.com/YaleOpenLab/smartPropertyMVP/stellar/database/investors.go:101.30,104.16 3 1
github.com/YaleOpenLab/smartPropertyMVP/stellar/database/investors.go:108.4,110.18 2 1
github.com/YaleOpenLab/smartPropertyMVP/stellar/database/investors.go:115.4,115.32 1 1
github.com/YaleOpenLab/smartPropertyMVP/stellar/database/investors.go:104.16,106.13 1 0
github.com/YaleOpenLab/smartPropertyMVP/stellar/database/investors.go:110.18,114.5 1 0
github.com/YaleOpenLab/smartPropertyMVP/stellar/database/investors.go:123.50,126.16 3 1
github.com/YaleOpenLab/smartPropertyMVP/stellar/database/investors.go:129.2,130.42 2 1
github.com/YaleOpenLab/smartPropertyMVP/stellar/database/investors.go:138.2,138.17 1 1
github.com/YaleOpenLab/smartPropertyMVP/stellar/database/investors.go:126.16,128.3 1 0
github.com/YaleOpenLab/smartPropertyMVP/stellar/database/investors.go:130.42,133.15 3 1
github.com/YaleOpenLab/smartPropertyMVP/stellar/database/investors.go:136.3,136.33 1 0
github.com/YaleOpenLab/smartPropertyMVP/stellar/database/investors.go:133.15,135.4 1 1
github.com/YaleOpenLab/smartPropertyMVP/stellar/database/investors.go:141.69,144.16 3 1
github.com/YaleOpenLab/smartPropertyMVP/stellar/database/investors.go:147.2,147.37 1 1
github.com/YaleOpenLab/smartPropertyMVP/stellar/database/investors.go:144.16,146.3 1 0
github.com/YaleOpenLab/smartPropertyMVP/stellar/database/investors.go:150.57,158.16 4 0
github.com/YaleOpenLab/smartPropertyMVP/stellar/database/investors.go:161.2,161.12 1 0
github.com/YaleOpenLab/smartPropertyMVP/stellar/database/investors.go:158.16,160.3 1 0
github.com/YaleOpenLab/smartPropertyMVP/stellar/database/investors.go:164.54,171.16 4 0
github.com/YaleOpenLab/smartPropertyMVP/stellar/database/investors.go:174.2,174.12 1 0
github.com/YaleOpenLab/smartPropertyMVP/stellar/database/investors.go:171.16,173.3 1 0
github.com/YaleOpenLab/smartPropertyMVP/stellar/database/investors.go:180.80,189.16 2 0
github.com/YaleOpenLab/smartPropertyMVP/stellar/database/investors.go:193.2,194.16 2 0
github.com/YaleOpenLab/smartPropertyMVP/stellar/database/investors.go:198.2,199.16 2 0
github.com/YaleOpenLab/smartPropertyMVP/stellar/database/investors.go:203.2,204.16 2 0
github.com/YaleOpenLab/smartPropertyMVP/stellar/database/investors.go:208.2,209.21 2 0
github.com/YaleOpenLab/smartPropertyMVP/stellar/database/investors.go:189.16,191.3 1 0
github.com/YaleOpenLab/smartPropertyMVP/stellar/database/investors.go:194.16,196.3 1 0
github.com/YaleOpenLab/smartPropertyMVP/stellar/database/investors.go:199.16,201.3 1 0
github.com/YaleOpenLab/smartPropertyMVP/stellar/database/investors.go:204.16,206.3 1 0
github.com/YaleOpenLab/smartPropertyMVP/stellar/database/investors.go:213.73,215.16 2 0
github.com/YaleOpenLab/smartPropertyMVP/stellar/database/investors.go:218.2,218.33 1 0
github.com/YaleOpenLab/smartPropertyMVP/stellar/database/investors.go:215.16,217.3 1 0
github.com/YaleOpenLab/smartPropertyMVP/stellar/database/orders.go:57.177,61.16 3 0
github.com/YaleOpenLab/smartPropertyMVP/stellar/database/orders.go:65.2,65.25 1 0
github.com/YaleOpenLab/smartPropertyMVP/stellar/database/orders.go:70.2,83.16 13 0
github.com/YaleOpenLab/smartPropertyMVP/stellar/database/orders.go:86.2,86.15 1 0
github.com/YaleOpenLab/smartPropertyMVP/stellar/database/orders.go:61.16,63.3 1 0
github.com/YaleOpenLab/smartPropertyMVP/stellar/database/orders.go:65.25,67.3 1 0
github.com/YaleOpenLab/smartPropertyMVP/stellar/database/orders.go:67.8,69.3 1 0
github.com/YaleOpenLab/smartPropertyMVP/stellar/database/orders.go:83.16,85.3 1 0
github.com/YaleOpenLab/smartPropertyMVP/stellar/database/orders.go:94.33,99.16 2 1
github.com/YaleOpenLab/smartPropertyMVP/stellar/database/orders.go:102.2,103.42 2 1
github.com/YaleOpenLab/smartPropertyMVP/stellar/database/orders.go:112.2,112.12 1 1
github.com/YaleOpenLab/smartPropertyMVP/stellar/database/orders.go:99.16,101.3 1 0
github.com/YaleOpenLab/smartPropertyMVP/stellar/database/orders.go:103.42,106.17 3 1
github.com/YaleOpenLab/smartPropertyMVP/stellar/database/orders.go:109.3,110.13 2 1
github.com/YaleOpenLab/smartPropertyMVP/stellar/database/orders.go:106.17,108.4 1 0
github.com/YaleOpenLab/smartPropertyMVP/stellar/database/orders.go:117.43,120.16 3 1
github.com/YaleOpenLab/smartPropertyMVP/stellar/database/orders.go:123.2,124.42 2 1
github.com/YaleOpenLab/smartPropertyMVP/stellar/database/orders.go:148.2,148.17 1 1
github.com/YaleOpenLab/smartPropertyMVP/stellar/database/orders.go:120.16,122.3 1 0
github.com/YaleOpenLab/smartPropertyMVP/stellar/database/orders.go:124.42,128.21 2 1
github.com/YaleOpenLab/smartPropertyMVP/stellar/database/orders.go:146.3,146.13 1 0
github.com/YaleOpenLab/smartPropertyMVP/stellar/database/orders.go:128.21,131.16 3 3
github.com/YaleOpenLab/smartPropertyMVP/stellar/database/orders.go:135.4,136.42 2 2
github.com/YaleOpenLab/smartPropertyMVP/stellar/database/orders.go:141.4,141.22 1 2
github.com/YaleOpenLab/smartPropertyMVP/stellar/database/orders.go:131.16,134.5 1 1
github.com/YaleOpenLab/smartPropertyMVP/stellar/database/orders.go:136.42,140.5 1 0
github.com/YaleOpenLab/smartPropertyMVP/stellar/database/orders.go:141.22,144.5 1 2
github.com/YaleOpenLab/smartPropertyMVP/stellar/database/orders.go:152.53,155.16 3 0
github.com/YaleOpenLab/smartPropertyMVP/stellar/database/orders.go:158.2,159.42 2 0
github.com/YaleOpenLab/smartPropertyMVP/stellar/database/orders.go:184.2,184.17 1 0
github.com/YaleOpenLab/smartPropertyMVP/stellar/database/orders.go:155.16,157.3 1 0
github.com/YaleOpenLab/smartPropertyMVP/stellar/database/orders.go:159.42,163.21 2 0
github.com/YaleOpenLab/smartPropertyMVP/stellar/database/orders.go:182.3,182.13 1 0
github.com/YaleOpenLab/smartPropertyMVP/stellar/database/orders.go:163.21,166.16 3 0
github.com/YaleOpenLab/smartPropertyMVP/stellar/database/orders.go:170.4,171.42 2 0
github.com/YaleOpenLab/smartPropertyMVP/stellar/database/orders.go:176.4,176.21 1 0
github.com/YaleOpenLab/smartPropertyMVP/stellar/database/orders.go:166.16,169.5 1 0
github.com/YaleOpenLab/smartPropertyMVP/stellar/database/orders.go:171.42,175.5 1 0
github.com/YaleOpenLab/smartPropertyMVP/stellar/database/orders.go:176.21,180.5 1 0
github.com/YaleOpenLab/smartPropertyMVP/stellar/database/orders.go:189.44,192.16 3 2
github.com/YaleOpenLab/smartPropertyMVP/stellar/database/orders.go:195.2,196.42 2 2
github.com/YaleOpenLab/smartPropertyMVP/stellar/database/orders.go:205.2,205.20 1 2
github.com/YaleOpenLab/smartPropertyMVP/stellar/database/orders.go:192.16,194.3 1 0
github.com/YaleOpenLab/smartPropertyMVP/stellar/database/orders.go:196.42,200.17 4 2
github.com/YaleOpenLab/smartPropertyMVP/stellar/database/orders.go:203.3,203.13 1 1
github.com/YaleOpenLab/smartPropertyMVP/stellar/database/orders.go:200.17,202.4 1 1
github.com/YaleOpenLab/smartPropertyMVP/stellar/database/orders.go:211.37,213.16 2 2
github.com/YaleOpenLab/smartPropertyMVP/stellar/database/orders.go:216.2,217.42 2 2
github.com/YaleOpenLab/smartPropertyMVP/stellar/database/orders.go:226.2,226.12 1 2
github.com/YaleOpenLab/smartPropertyMVP/stellar/database/orders.go:213.16,215.3 1 0
github.com/YaleOpenLab/smartPropertyMVP/stellar/database/orders.go:217.42,220.17 3 2
github.com/YaleOpenLab/smartPropertyMVP/stellar/database/orders.go:224.3,224.57 1 2
github.com/YaleOpenLab/smartPropertyMVP/stellar/database/orders.go:220.17,223.4 2 0
github.com/YaleOpenLab/smartPropertyMVP/stellar/database/println.go:9.34,10.31 1 0
github.com/YaleOpenLab/smartPropertyMVP/stellar/database/println.go:10.31,12.3 1 0
github.com/YaleOpenLab/smartPropertyMVP/stellar/database/println.go:16.30,38.2 17 0
github.com/YaleOpenLab/smartPropertyMVP/stellar/database/println.go:41.39,50.2 8 0
github.com/YaleOpenLab/smartPropertyMVP/stellar/database/println.go:53.42,60.2 6 0
github.com/YaleOpenLab/smartPropertyMVP/stellar/database/println.go:63.36,64.31 1 0
github.com/YaleOpenLab/smartPropertyMVP/stellar/database/println.go:64.31,65.21 1 0
github.com/YaleOpenLab/smartPropertyMVP/stellar/database/println.go:65.21,80.4 14 0
github.com/YaleOpenLab/smartPropertyMVP/stellar/database/println.go:85.32,99.2 13 0
github.com/YaleOpenLab/smartPropertyMVP/stellar/database/println.go:101.31,102.31 1 0
github.com/YaleOpenLab/smartPropertyMVP/stellar/database/println.go:102.31,104.3 1 0
github.com/YaleOpenLab/smartPropertyMVP/stellar/database/println.go:108.41,118.2 9 0
github.com/YaleOpenLab/smartPropertyMVP/stellar/database/println.go:120.27,126.2 5 0
github.com/YaleOpenLab/smartPropertyMVP/stellar/database/println.go:128.44,137.2 8 0
github.com/YaleOpenLab/smartPropertyMVP/stellar/database/auctions.go:22.62,24.19 2 0
github.com/YaleOpenLab/smartPropertyMVP/stellar/database/auctions.go:28.2,29.27 2 0
github.com/YaleOpenLab/smartPropertyMVP/stellar/database/auctions.go:35.2,35.15 1 0
github.com/YaleOpenLab/smartPropertyMVP/stellar/database/auctions.go:24.19,26.3 1 0
github.com/YaleOpenLab/smartPropertyMVP/stellar/database/auctions.go:29.27,30.41 1 0
github.com/YaleOpenLab/smartPropertyMVP/stellar/database/auctions.go:30.41,32.12 2 0
github.com/YaleOpenLab/smartPropertyMVP/stellar/database/auctions.go:38.61,40.19 2 0
github.com/YaleOpenLab/smartPropertyMVP/stellar/database/auctions.go:44.2,45.27 2 0
github.com/YaleOpenLab/smartPropertyMVP/stellar/database/auctions.go:51.2,51.15 1 0
github.com/YaleOpenLab/smartPropertyMVP/stellar/database/auctions.go:40.19,42.3 1 0
github.com/YaleOpenLab/smartPropertyMVP/stellar/database/auctions.go:45.27,46.31 1 0
github.com/YaleOpenLab/smartPropertyMVP/stellar/database/auctions.go:46.31,48.12 2 0
github.com/YaleOpenLab/smartPropertyMVP/stellar/database/testdata.go:10.30,17.16 5 0
github.com/YaleOpenLab/smartPropertyMVP/stellar/database/testdata.go:20.2,20.23 1 0
github.com/YaleOpenLab/smartPropertyMVP/stellar/database/testdata.go:36.2,51.16 16 0
github.com/YaleOpenLab/smartPropertyMVP/stellar/database/testdata.go:55.2,70.16 16 0
github.com/YaleOpenLab/smartPropertyMVP/stellar/database/testdata.go:74.2,89.16 16 0
github.com/YaleOpenLab/smartPropertyMVP/stellar/database/testdata.go:93.2,95.16 3 0
github.com/YaleOpenLab/smartPropertyMVP/stellar/database/testdata.go:98.2,98.23 1 0
github.com/YaleOpenLab/smartPropertyMVP/stellar/database/testdata.go:117.2,118.16 2 0
github.com/YaleOpenLab/smartPropertyMVP/stellar/database/testdata.go:122.2,123.16 2 0
github.com/YaleOpenLab/smartPropertyMVP/stellar/database/testdata.go:127.2,128.16 2 0
github.com/YaleOpenLab/smartPropertyMVP/stellar/database/testdata.go:136.2,137.16 2 0
github.com/YaleOpenLab/smartPropertyMVP/stellar/database/testdata.go:141.2,142.16 2 0
github.com/YaleOpenLab/smartPropertyMVP/stellar/database/testdata.go:147.2,148.16 2 0
github.com/YaleOpenLab/smartPropertyMVP/stellar/database/testdata.go:152.2,153.16 2 0
github.com/YaleOpenLab/smartPropertyMVP/stellar/database/testdata.go:157.2,158.16 2 0
github.com/YaleOpenLab/smartPropertyMVP/stellar/database/testdata.go:162.2,163.16 2 0
github.com/YaleOpenLab/smartPropertyMVP/stellar/database/testdata.go:166.2,167.16 2 0
github.com/YaleOpenLab/smartPropertyMVP/stellar/database/testdata.go:171.2,171.12 1 0
github.com/YaleOpenLab/smartPropertyMVP/stellar/database/testdata.go:17.16,19.3 1 0
github.com/YaleOpenLab/smartPropertyMVP/stellar/database/testdata.go:20.23,23.17 3 0
github.com/YaleOpenLab/smartPropertyMVP/stellar/database/testdata.go:26.3,27.17 2 0
github.com/YaleOpenLab/smartPropertyMVP/stellar/database/testdata.go:30.3,31.17 2 0
github.com/YaleOpenLab/smartPropertyMVP/stellar/database/testdata.go:23.17,25.4 1 0
github.com/YaleOpenLab/smartPropertyMVP/stellar/database/testdata.go:27.17,29.4 1 0
github.com/YaleOpenLab/smartPropertyMVP/stellar/database/testdata.go:31.17,33.4 1 0
github.com/YaleOpenLab/smartPropertyMVP/stellar/database/testdata.go:51.16,53.3 1 0
github.com/YaleOpenLab/smartPropertyMVP/stellar/database/testdata.go:70.16,72.3 1 0
github.com/YaleOpenLab/smartPropertyMVP/stellar/database/testdata.go:89.16,91.3 1 0
github.com/YaleOpenLab/smartPropertyMVP/stellar/database/testdata.go:95.16,97.3 1 0
github.com/YaleOpenLab/smartPropertyMVP/stellar/database/testdata.go:98.23,101.17 3 0
github.com/YaleOpenLab/smartPropertyMVP/stellar/database/testdata.go:104.3,106.17 3 0
github.com/YaleOpenLab/smartPropertyMVP/stellar/database/testdata.go:111.3,112.17 2 0
github.com/YaleOpenLab/smartPropertyMVP/stellar/database/testdata.go:101.17,103.4 1 0
github.com/YaleOpenLab/smartPropertyMVP/stellar/database/testdata.go:106.17,108.4 1 0
github.com/YaleOpenLab/smartPropertyMVP/stellar/database/testdata.go:112.17,114.4 1 0
github.com/YaleOpenLab/smartPropertyMVP/stellar/database/testdata.go:118.16,120.3 1 0
github.com/YaleOpenLab/smartPropertyMVP/stellar/database/testdata.go:123.16,125.3 1 0
github.com/YaleOpenLab/smartPropertyMVP/stellar/database/testdata.go:128.16,130.3 1 0
github.com/YaleOpenLab/smartPropertyMVP/stellar/database/testdata.go:137.16,139.3 1 0
github.com/YaleOpenLab/smartPropertyMVP/stellar/database/testdata.go:142.16,144.3 1 0
github.com/YaleOpenLab/smartPropertyMVP/stellar/database/testdata.go:148.16,150.3 1 0
github.com/YaleOpenLab/smartPropertyMVP/stellar/database/testdata.go:153.16,155.3 1 0
github.com/YaleOpenLab/smartPropertyMVP/stellar/database/testdata.go:158.16,160.3 1 0
github.com/YaleOpenLab/smartPropertyMVP/stellar/database/testdata.go:163.16,165.3 1 0
github.com/YaleOpenLab/smartPropertyMVP/stellar/database/testdata.go:167.16,169.3 1 0
github.com/YaleOpenLab/smartPropertyMVP/stellar/ipfs/ipfs.go:32.35,35.2 1 5
github.com/YaleOpenLab/smartPropertyMVP/stellar/ipfs/ipfs.go:37.48,40.16 3 1
github.com/YaleOpenLab/smartPropertyMVP/stellar/ipfs/ipfs.go:44.2,45.18 2 1
github.com/YaleOpenLab/smartPropertyMVP/stellar/ipfs/ipfs.go:40.16,43.3 2 0
github.com/YaleOpenLab/smartPropertyMVP/stellar/ipfs/ipfs.go:48.59,55.2 4 2
github.com/YaleOpenLab/smartPropertyMVP/stellar/ipfs/ipfs.go:57.53,65.16 5 1
github.com/YaleOpenLab/smartPropertyMVP/stellar/ipfs/ipfs.go:68.2,69.26 2 1
github.com/YaleOpenLab/smartPropertyMVP/stellar/ipfs/ipfs.go:65.16,67.3 1 0
github.com/YaleOpenLab/smartPropertyMVP/stellar/ipfs/ipfs.go:73.51,75.2 1 2
github.com/YaleOpenLab/smartPropertyMVP/stellar/ipfs/ipfs.go:77.51,80.16 3 1
github.com/YaleOpenLab/smartPropertyMVP/stellar/ipfs/ipfs.go:84.2,87.16 4 1
github.com/YaleOpenLab/smartPropertyMVP/stellar/ipfs/ipfs.go:90.2,90.18 1 1
github.com/YaleOpenLab/smartPropertyMVP/stellar/ipfs/ipfs.go:80.16,82.3 1 0
github.com/YaleOpenLab/smartPropertyMVP/stellar/ipfs/ipfs.go:87.16,89.3 1 0
github.com/YaleOpenLab/smartPropertyMVP/stellar/xlm/balances.go:41.47,45.16 4 2
github.com/YaleOpenLab/smartPropertyMVP/stellar/xlm/balances.go:48.2,48.29 1 2
github.com/YaleOpenLab/smartPropertyMVP/stellar/xlm/balances.go:52.2,54.18 3 2
github.com/YaleOpenLab/smartPropertyMVP/stellar/xlm/balances.go:45.16,47.3 1 0
github.com/YaleOpenLab/smartPropertyMVP/stellar/xlm/balances.go:48.29,50.3 1 0
github.com/YaleOpenLab/smartPropertyMVP/stellar/xlm/balances.go:57.57,61.16 4 1
github.com/YaleOpenLab/smartPropertyMVP/stellar/xlm/balances.go:64.2,66.16 3 1
github.com/YaleOpenLab/smartPropertyMVP/stellar/xlm/balances.go:69.2,69.37 1 1
github.com/YaleOpenLab/smartPropertyMVP/stellar/xlm/balances.go:74.2,74.56 1 0
github.com/YaleOpenLab/smartPropertyMVP/stellar/xlm/balances.go:61.16,63.3 1 0
github.com/YaleOpenLab/smartPropertyMVP/stellar/xlm/balances.go:66.16,68.3 1 0
github.com/YaleOpenLab/smartPropertyMVP/stellar/xlm/balances.go:69.37,70.37 1 2
github.com/YaleOpenLab/smartPropertyMVP/stellar/xlm/balances.go:70.37,72.4 1 1
github.com/YaleOpenLab/smartPropertyMVP/stellar/xlm/balances.go:77.74,81.16 4 1
github.com/YaleOpenLab/smartPropertyMVP/stellar/xlm/balances.go:84.2,86.16 3 1
github.com/YaleOpenLab/smartPropertyMVP/stellar/xlm/balances.go:89.2,89.37 1 1
github.com/YaleOpenLab/smartPropertyMVP/stellar/xlm/balances.go:94.2,94.55 1 0
github.com/YaleOpenLab/smartPropertyMVP/stellar/xlm/balances.go:81.16,83.3 1 0
github.com/YaleOpenLab/smartPropertyMVP/stellar/xlm/balances.go:86.16,88.3 1 0
github.com/YaleOpenLab/smartPropertyMVP/stellar/xlm/balances.go:89.37,90.38 1 1
github.com/YaleOpenLab/smartPropertyMVP/stellar/xlm/balances.go:90.38,92.4 1 1
github.com/YaleOpenLab/smartPropertyMVP/stellar/xlm/balances.go:99.66,101.16 2 1
github.com/YaleOpenLab/smartPropertyMVP/stellar/xlm/balances.go:104.2,104.30 1 1
github.com/YaleOpenLab/smartPropertyMVP/stellar/xlm/balances.go:101.16,103.3 1 0
github.com/YaleOpenLab/smartPropertyMVP/stellar/xlm/balances.go:109.43,111.16 2 2
github.com/YaleOpenLab/smartPropertyMVP/stellar/xlm/balances.go:116.2,116.43 1 2
github.com/YaleOpenLab/smartPropertyMVP/stellar/xlm/balances.go:121.2,121.14 1 2
github.com/YaleOpenLab/smartPropertyMVP/stellar/xlm/balances.go:111.16,114.3 1 0
github.com/YaleOpenLab/smartPropertyMVP/stellar/xlm/balances.go:116.43,117.40 1 4
github.com/YaleOpenLab/smartPropertyMVP/stellar/xlm/balances.go:117.40,119.4 1 0
github.com/YaleOpenLab/smartPropertyMVP/stellar/xlm/balances.go:126.59,128.31 1 1
github.com/YaleOpenLab/smartPropertyMVP/stellar/xlm/balances.go:132.2,133.16 2 0
github.com/YaleOpenLab/smartPropertyMVP/stellar/xlm/balances.go:137.2,137.43 1 0
github.com/YaleOpenLab/smartPropertyMVP/stellar/xlm/balances.go:142.2,142.65 1 0
github.com/YaleOpenLab/smartPropertyMVP/stellar/xlm/balances.go:128.31,130.3 1 1
github.com/YaleOpenLab/smartPropertyMVP/stellar/xlm/balances.go:133.16,135.3 1 0
github.com/YaleOpenLab/smartPropertyMVP/stellar/xlm/balances.go:137.43,138.40 1 0
github.com/YaleOpenLab/smartPropertyMVP/stellar/xlm/balances.go:138.40,140.4 1 0
github.com/YaleOpenLab/smartPropertyMVP/stellar/xlm/println.go:10.48,12.35 2 0
github.com/YaleOpenLab/smartPropertyMVP/stellar/xlm/println.go:12.35,13.31 1 0
github.com/YaleOpenLab/smartPropertyMVP/stellar/xlm/println.go:17.3,17.93 1 0
github.com/YaleOpenLab/smartPropertyMVP/stellar/xlm/println.go:13.31,15.12 2 0
github.com/YaleOpenLab/smartPropertyMVP/stellar/xlm/transactions.go:13.56,17.16 4 1
github.com/YaleOpenLab/smartPropertyMVP/stellar/xlm/transactions.go:21.2,21.29 1 1
github.com/YaleOpenLab/smartPropertyMVP/stellar/xlm/transactions.go:27.2,29.18 3 1
github.com/YaleOpenLab/smartPropertyMVP/stellar/xlm/transactions.go:17.16,19.3 1 0
github.com/YaleOpenLab/smartPropertyMVP/stellar/xlm/transactions.go:21.29,25.3 1 0
github.com/YaleOpenLab/smartPropertyMVP/stellar/xlm/transactions.go:32.55,37.16 4 1
github.com/YaleOpenLab/smartPropertyMVP/stellar/xlm/transactions.go:40.2,42.16 3 1
github.com/YaleOpenLab/smartPropertyMVP/stellar/xlm/transactions.go:45.2,46.27 2 1
github.com/YaleOpenLab/smartPropertyMVP/stellar/xlm/transactions.go:37.16,39.3 1 0
github.com/YaleOpenLab/smartPropertyMVP/stellar/xlm/transactions.go:42.16,44.3 1 0
github.com/YaleOpenLab/smartPropertyMVP/stellar/xlm/xlm.go:15.43,18.2 2 2
github.com/YaleOpenLab/smartPropertyMVP/stellar/xlm/xlm.go:25.37,29.16 2 1
github.com/YaleOpenLab/smartPropertyMVP/stellar/xlm/xlm.go:33.2,33.29 1 1
github.com/YaleOpenLab/smartPropertyMVP/stellar/xlm/xlm.go:36.2,36.12 1 1
github.com/YaleOpenLab/smartPropertyMVP/stellar/xlm/xlm.go:29.16,32.3 2 0
github.com/YaleOpenLab/smartPropertyMVP/stellar/xlm/xlm.go:33.29,35.3 1 0
github.com/YaleOpenLab/smartPropertyMVP/stellar/xlm/xlm.go:47.79,50.16 2 2
github.com/YaleOpenLab/smartPropertyMVP/stellar/xlm/xlm.go:54.2,55.16 2 2
github.com/YaleOpenLab/smartPropertyMVP/stellar/xlm/xlm.go:59.2,60.16 2 2
github.com/YaleOpenLab/smartPropertyMVP/stellar/xlm/xlm.go:64.2,65.36 2 2
github.com/YaleOpenLab/smartPropertyMVP/stellar/xlm/xlm.go:50.16,52.3 1 0
github.com/YaleOpenLab/smartPropertyMVP/stellar/xlm/xlm.go:55.16,57.3 1 0
github.com/YaleOpenLab/smartPropertyMVP/stellar/xlm/xlm.go:60.16,62.3 1 0
github.com/YaleOpenLab/smartPropertyMVP/stellar/xlm/xlm.go:68.98,82.16 3 1
github.com/YaleOpenLab/smartPropertyMVP/stellar/xlm/xlm.go:86.2,86.25 1 1
github.com/YaleOpenLab/smartPropertyMVP/stellar/xlm/xlm.go:82.16,84.3 1 0
github.com/YaleOpenLab/smartPropertyMVP/stellar/xlm/xlm.go:91.85,104.16 3 1
github.com/YaleOpenLab/smartPropertyMVP/stellar/xlm/xlm.go:108.2,108.25 1 1
github.com/YaleOpenLab/smartPropertyMVP/stellar/xlm/xlm.go:104.16,106.3 1 0
github.com/YaleOpenLab/smartPropertyMVP/stellar/xlm/api.go:22.45,28.2 4 0
github.com/YaleOpenLab/smartPropertyMVP/stellar/xlm/api.go:60.56,64.16 4 0
github.com/YaleOpenLab/smartPropertyMVP/stellar/xlm/api.go:67.2,67.29 1 0
github.com/YaleOpenLab/smartPropertyMVP/stellar/xlm/api.go:70.2,72.16 3 0
github.com/YaleOpenLab/smartPropertyMVP/stellar/xlm/api.go:75.2,75.18 1 0
github.com/YaleOpenLab/smartPropertyMVP/stellar/xlm/api.go:64.16,66.3 1 0
github.com/YaleOpenLab/smartPropertyMVP/stellar/xlm/api.go:67.29,69.3 1 0
github.com/YaleOpenLab/smartPropertyMVP/stellar/xlm/api.go:72.16,74.3 1 0
github.com/YaleOpenLab/smartPropertyMVP/stellar/xlm/api.go:78.55,82.16 4 0
github.com/YaleOpenLab/smartPropertyMVP/stellar/xlm/api.go:85.2,87.16 3 0
github.com/YaleOpenLab/smartPropertyMVP/stellar/xlm/api.go:90.2,92.18 3 0
github.com/YaleOpenLab/smartPropertyMVP/stellar/xlm/api.go:82.16,84.3 1 0
github.com/YaleOpenLab/smartPropertyMVP/stellar/xlm/api.go:87.16,89.3 1 0
